  [4;36;1mSQL (156.0ms)[0m   [0;1mSET NAMES 'utf8'[0m
  [4;35;1mSQL (16.0ms)[0m   [0mSET SQL_AUTO_IS_NULL=0[0m


Processing StoriesController#index (for 127.0.0.1 at 2011-04-27 11:49:01) [GET]
  [4;36;1mStory Load (562.0ms)[0m   [0;1mSELECT * FROM `stories` [0m
Rendering template within layouts/logins
Rendering stories/index
  [4;35;1mStory Columns (281.0ms)[0m   [0mSHOW FIELDS FROM `stories`[0m
Completed in 2172ms (View: 1063, DB: 1015) | 200 OK [http://localhost/stories]
  [4;36;1mSQL (0.0ms)[0m   [0;1mSET NAMES 'utf8'[0m
  [4;35;1mSQL (0.0ms)[0m   [0mSET SQL_AUTO_IS_NULL=0[0m


Processing SignupsController#new (for 127.0.0.1 at 2011-04-27 11:49:56) [GET]
  [4;36;1mSignup Columns (78.0ms)[0m   [0;1mSHOW FIELDS FROM `signups`[0m
Rendering template within layouts/logins
Rendering signups/new
Completed in 281ms (View: 172, DB: 78) | 200 OK [http://localhost/signups/new]
  [4;35;1mSQL (0.0ms)[0m   [0mSET NAMES 'utf8'[0m
  [4;36;1mSQL (0.0ms)[0m   [0;1mSET SQL_AUTO_IS_NULL=0[0m


Processing LoginsController#new (for 127.0.0.1 at 2011-04-27 11:50:37) [GET]
  [4;35;1mLogin Columns (78.0ms)[0m   [0mSHOW FIELDS FROM `logins`[0m
Rendering template within layouts/logins
Rendering logins/new
Completed in 313ms (View: 204, DB: 78) | 200 OK [http://localhost/logins/new]
  [4;36;1mSQL (16.0ms)[0m   [0;1mSET NAMES 'utf8'[0m
  [4;35;1mSQL (0.0ms)[0m   [0mSET SQL_AUTO_IS_NULL=0[0m


Processing LoginsController#new (for 127.0.0.1 at 2011-04-27 11:51:07) [GET]
  [4;36;1mLogin Columns (15.0ms)[0m   [0;1mSHOW FIELDS FROM `logins`[0m
Rendering template within layouts/logins
Rendering logins/new
Completed in 109ms (View: 47, DB: 31) | 200 OK [http://localhost/logins/new]
  [4;35;1mSQL (0.0ms)[0m   [0mSET NAMES 'utf8'[0m
  [4;36;1mSQL (0.0ms)[0m   [0;1mSET SQL_AUTO_IS_NULL=0[0m


Processing StoriesController#index (for 127.0.0.1 at 2011-04-27 11:51:08) [GET]
  [4;35;1mStory Load (0.0ms)[0m   [0mSELECT * FROM `stories` [0m
Rendering template within layouts/logins
Rendering stories/index
  [4;36;1mStory Columns (63.0ms)[0m   [0;1mSHOW FIELDS FROM `stories`[0m
Completed in 187ms (View: 93, DB: 63) | 200 OK [http://localhost/stories]
